# JRE version: Java(TM) SE Runtime Environment (8.0_101-b13) (build 1.8.0_101-b13)
# Java VM: Java HotSpot(TM) 64-Bit Server VM (25.101-b13 mixed mode linux-amd64 compressed oops)
Heap:
 PSYoungGen      total 96768K, used 30264K [0x00000000f8000000, 0x00000000fea80000, 0x0000000100000000)
  eden space 85504K, 35% used [0x00000000f8000000,0x00000000f9d8e1f0,0x00000000fd380000)
  from space 11264K, 0% used [0x00000000fd380000,0x00000000fd380000,0x00000000fde80000)
  to   space 11776K, 0% used [0x00000000fdf00000,0x00000000fdf00000,0x00000000fea80000)
 ParOldGen       total 96256K, used 45158K [0x00000000e8000000, 0x00000000ede00000, 0x00000000f8000000)
  object space 96256K, 46% used [0x00000000e8000000,0x00000000eac198d0,0x00000000ede00000)
 Metaspace       used 67630K, capacity 71128K, committed 71336K, reserved 1112064K
  class space    used 7356K, capacity 8302K, committed 8368K, reserved 1048576K
GC Heap History (10 events):
Event: 1288,085 GC heap before
{Heap before GC invocations=74 (full 23):
 PSYoungGen      total 86016K, used 296K [0x00000000f8000000, 0x00000000fea80000, 0x0000000100000000)
  eden space 85504K, 0% used [0x00000000f8000000,0x00000000f8000000,0x00000000fd380000)
  from space 512K, 57% used [0x00000000fd380000,0x00000000fd3ca058,0x00000000fd400000)
  to   space 11776K, 0% used [0x00000000fdf00000,0x00000000fdf00000,0x00000000fea80000)
 ParOldGen       total 96256K, used 41493K [0x00000000e8000000, 0x00000000ede00000, 0x00000000f8000000)
  object space 96256K, 43% used [0x00000000e8000000,0x00000000ea885518,0x00000000ede00000)
 Metaspace       used 66103K, capacity 69484K, committed 69672K, reserved 1110016K
  class space    used 7141K, capacity 8134K, committed 8240K, reserved 1048576K
Event: 1288,267 GC heap after
Heap after GC invocations=74 (full 23):
 PSYoungGen      total 86016K, used 0K [0x00000000f8000000, 0x00000000fea80000, 0x0000000100000000)
  eden space 85504K, 0% used [0x00000000f8000000,0x00000000f8000000,0x00000000fd380000)
  from space 512K, 0% used [0x00000000fd380000,0x00000000fd380000,0x00000000fd400000)
  to   space 11776K, 0% used [0x00000000fdf00000,0x00000000fdf00000,0x00000000fea80000)
 ParOldGen       total 96256K, used 40461K [0x00000000e8000000, 0x00000000ede00000, 0x00000000f8000000)
  object space 96256K, 42% used [0x00000000e8000000,0x00000000ea783588,0x00000000ede00000)
 Metaspace       used 66103K, capacity 69484K, committed 69672K, reserved 1110016K
  class space    used 7141K, capacity 8134K, committed 8240K, reserved 1048576K
}
Event: 1359,152 GC heap before
{Heap before GC invocations=75 (full 23):
 PSYoungGen      total 86016K, used 25665K [0x00000000f8000000, 0x00000000fea80000, 0x0000000100000000)
  eden space 85504K, 30% used [0x00000000f8000000,0x00000000f9910430,0x00000000fd380000)
  from space 512K, 0% used [0x00000000fd380000,0x00000000fd380000,0x00000000fd400000)
  to   space 11776K, 0% used [0x00000000fdf00000,0x00000000fdf00000,0x00000000fea80000)
 ParOldGen       total 96256K, used 40461K [0x00000000e8000000, 0x00000000ede00000, 0x00000000f8000000)
  object space 96256K, 42% used [0x00000000e8000000,0x00000000ea783588,0x00000000ede00000)
 Metaspace       used 66166K, capacity 69612K, committed 69928K, reserved 1112064K
  class space    used 7141K, capacity 8134K, committed 8240K, reserved 1048576K
Event: 1359,156 GC heap after
Heap after GC invocations=75 (full 23):
 PSYoungGen      total 96256K, used 1936K [0x00000000f8000000, 0x00000000fe980000, 0x0000000100000000)
  eden space 85504K, 0% used [0x00000000f8000000,0x00000000f8000000,0x00000000fd380000)
  from space 10752K, 18% used [0x00000000fdf00000,0x00000000fe0e4010,0x00000000fe980000)
  to   space 11264K, 0% used [0x00000000fd380000,0x00000000fd380000,0x00000000fde80000)
 ParOldGen       total 96256K, used 40461K [0x00000000e8000000, 0x00000000ede00000, 0x00000000f8000000)
  object space 96256K, 42% used [0x00000000e8000000,0x00000000ea783588,0x00000000ede00000)
 Metaspace       used 66166K, capacity 69612K, committed 69928K, reserved 1112064K
  class space    used 7141K, capacity 8134K, committed 8240K, reserved 1048576K
}
Event: 1359,156 GC heap before
{Heap before GC invocations=76 (full 24):
 PSYoungGen      total 96256K, used 1936K [0x00000000f8000000, 0x00000000fe980000, 0x0000000100000000)
  eden space 85504K, 0% used [0x00000000f8000000,0x00000000f8000000,0x00000000fd380000)
  from space 10752K, 18% used [0x00000000fdf00000,0x00000000fe0e4010,0x00000000fe980000)
  to   space 11264K, 0% used [0x00000000fd380000,0x00000000fd380000,0x00000000fde80000)
 ParOldGen       total 96256K, used 40461K [0x00000000e8000000, 0x00000000ede00000, 0x00000000f8000000)
  object space 96256K, 42% used [0x00000000e8000000,0x00000000ea783588,0x00000000ede00000)
 Metaspace       used 66166K, capacity 69612K, committed 69928K, reserved 1112064K
  class space    used 7141K, capacity 8134K, committed 8240K, reserved 1048576K
Event: 1359,412 GC heap after
Heap after GC invocations=76 (full 24):
 PSYoungGen      total 96256K, used 0K [0x00000000f8000000, 0x00000000fe980000, 0x0000000100000000)
  eden space 85504K, 0% used [0x00000000f8000000,0x00000000f8000000,0x00000000fd380000)
  from space 10752K, 0% used [0x00000000fdf00000,0x00000000fdf00000,0x00000000fe980000)
  to   space 11264K, 0% used [0x00000000fd380000,0x00000000fd380000,0x00000000fde80000)
 ParOldGen       total 96256K, used 41364K [0x00000000e8000000, 0x00000000ede00000, 0x00000000f8000000)
  object space 96256K, 42% used [0x00000000e8000000,0x00000000ea8651c8,0x00000000ede00000)
 Metaspace       used 66166K, capacity 69612K, committed 69928K, reserved 1112064K
  class space    used 7141K, capacity 8134K, committed 8240K, reserved 1048576K
}
Event: 1419,152 GC heap before
{Heap before GC invocations=77 (full 24):
 PSYoungGen      total 96256K, used 29583K [0x00000000f8000000, 0x00000000fe980000, 0x0000000100000000)
  eden space 85504K, 34% used [0x00000000f8000000,0x00000000f9ce3ec8,0x00000000fd380000)
  from space 10752K, 0% used [0x00000000fdf00000,0x00000000fdf00000,0x00000000fe980000)
  to   space 11264K, 0% used [0x00000000fd380000,0x00000000fd380000,0x00000000fde80000)
 ParOldGen       total 96256K, used 41364K [0x00000000e8000000, 0x00000000ede00000, 0x00000000f8000000)
  object space 96256K, 42% used [0x00000000e8000000,0x00000000ea8651c8,0x00000000ede00000)
 Metaspace       used 67418K, capacity 70936K, committed 71080K, reserved 1112064K
  class space    used 7347K, capacity 8302K, committed 8368K, reserved 1048576K
Event: 1419,158 GC heap after
Heap after GC invocations=77 (full 24):
 PSYoungGen      total 96768K, used 6974K [0x00000000f8000000, 0x00000000fea80000, 0x0000000100000000)
  eden space 85504K, 0% used [0x00000000f8000000,0x00000000f8000000,0x00000000fd380000)
  from space 11264K, 61% used [0x00000000fd380000,0x00000000fda4fb90,0x00000000fde80000)
  to   space 11776K, 0% used [0x00000000fdf00000,0x00000000fdf00000,0x00000000fea80000)
 ParOldGen       total 96256K, used 41372K [0x00000000e8000000, 0x00000000ede00000, 0x00000000f8000000)
  object space 96256K, 42% used [0x00000000e8000000,0x00000000ea8671c8,0x00000000ede00000)
 Metaspace       used 67418K, capacity 70936K, committed 71080K, reserved 1112064K
  class space    used 7347K, capacity 8302K, committed 8368K, reserved 1048576K
}
Event: 1419,158 GC heap before
{Heap before GC invocations=78 (full 25):
 PSYoungGen      total 96768K, used 6974K [0x00000000f8000000, 0x00000000fea80000, 0x0000000100000000)
  eden space 85504K, 0% used [0x00000000f8000000,0x00000000f8000000,0x00000000fd380000)
  from space 11264K, 61% used [0x00000000fd380000,0x00000000fda4fb90,0x00000000fde80000)
  to   space 11776K, 0% used [0x00000000fdf00000,0x00000000fdf00000,0x00000000fea80000)
 ParOldGen       total 96256K, used 41372K [0x00000000e8000000, 0x00000000ede00000, 0x00000000f8000000)
  object space 96256K, 42% used [0x00000000e8000000,0x00000000ea8671c8,0x00000000ede00000)
 Metaspace       used 67418K, capacity 70936K, committed 71080K, reserved 1112064K
  class space    used 7347K, capacity 8302K, committed 8368K, reserved 1048576K
Event: 1419,427 GC heap after
Heap after GC invocations=78 (full 25):
 PSYoungGen      total 96768K, used 0K [0x00000000f8000000, 0x00000000fea80000, 0x0000000100000000)
  eden space 85504K, 0% used [0x00000000f8000000,0x00000000f8000000,0x00000000fd380000)
  from space 11264K, 0% used [0x00000000fd380000,0x00000000fd380000,0x00000000fde80000)
  to   space 11776K, 0% used [0x00000000fdf00000,0x00000000fdf00000,0x00000000fea80000)
 ParOldGen       total 96256K, used 45158K [0x00000000e8000000, 0x00000000ede00000, 0x00000000f8000000)
  object space 96256K, 46% used [0x00000000e8000000,0x00000000eac198d0,0x00000000ede00000)
 Metaspace       used 67418K, capacity 70936K, committed 71080K, reserved 1112064K
  class space    used 7347K, capacity 8302K, committed 8368K, reserved 1048576K
}

